<?xml version="1.0" encoding="UTF-8"?>
<testng-results skipped="0" failed="0" ignored="0" total="1" passed="1">
  <reporter-output>
    <line>
      <![CDATA[Settingup reports and test is getting ready]]>
    </line>
    <line>
      <![CDATA[Settings done and  test can start]]>
    </line>
    <line>
      <![CDATA[trying to start browser and getting application ready]]>
    </line>
    <line>
      <![CDATA[browser and application is up and running]]>
    </line>
    <line>
      <![CDATA[browser is getting ready to quit]]>
    </line>
    <line>
      <![CDATA[browser quited successfully and test completed]]>
    </line>
  </reporter-output>
  <suite name="Suite" duration-ms="22343" started-at="2021-01-12T06:17:04Z" finished-at="2021-01-12T06:17:27Z">
    <groups>
    </groups>
    <test name="Test" duration-ms="22343" started-at="2021-01-12T06:17:04Z" finished-at="2021-01-12T06:17:27Z">
      <class name="com.learnautomation.tesecases.Testcase1">
        <test-method status="PASS" signature="setupSuite()[pri:0, instance:com.learnautomation.tesecases.Testcase1@1f1c7bf6]" name="setupSuite" is-config="true" duration-ms="481" started-at="2021-01-12T11:47:04Z" finished-at="2021-01-12T11:47:04Z">
          <reporter-output>
            <line>
              <![CDATA[Settingup reports and test is getting ready]]>
            </line>
            <line>
              <![CDATA[Settings done and  test can start]]>
            </line>
          </reporter-output>
        </test-method> <!-- setupSuite -->
        <test-method status="PASS" signature="setup()[pri:0, instance:com.learnautomation.tesecases.Testcase1@1f1c7bf6]" name="setup" is-config="true" duration-ms="15455" started-at="2021-01-12T11:47:04Z" finished-at="2021-01-12T11:47:20Z">
          <reporter-output>
            <line>
              <![CDATA[trying to start browser and getting application ready]]>
            </line>
            <line>
              <![CDATA[browser and application is up and running]]>
            </line>
          </reporter-output>
        </test-method> <!-- setup -->
        <test-method status="PASS" signature="loginTest()[pri:1, instance:com.learnautomation.tesecases.Testcase1@1f1c7bf6]" name="loginTest" duration-ms="532" started-at="2021-01-12T11:47:20Z" finished-at="2021-01-12T11:47:20Z">
          <reporter-output>
          </reporter-output>
        </test-method> <!-- loginTest -->
        <test-method status="PASS" signature="teardownMethod(org.testng.ITestResult)[pri:0, instance:com.learnautomation.tesecases.Testcase1@1f1c7bf6]" name="teardownMethod" is-config="true" duration-ms="228" started-at="2021-01-12T11:47:20Z" finished-at="2021-01-12T11:47:20Z">
          <params>
            <param index="0">
              <value>
                <![CDATA[[TestResult name=loginTest status=SUCCESS method=Testcase1.loginTest()[pri:1, instance:com.learnautomation.tesecases.Testcase1@1f1c7bf6] output={null}]]]>
              </value>
            </param>
          </params>
          <reporter-output>
          </reporter-output>
        </test-method> <!-- teardownMethod -->
        <test-method status="PASS" signature="teardown()[pri:0, instance:com.learnautomation.tesecases.Testcase1@1f1c7bf6]" name="teardown" is-config="true" duration-ms="6111" started-at="2021-01-12T11:47:20Z" finished-at="2021-01-12T11:47:27Z">
          <reporter-output>
            <line>
              <![CDATA[browser is getting ready to quit]]>
            </line>
            <line>
              <![CDATA[browser quited successfully and test completed]]>
            </line>
          </reporter-output>
        </test-method> <!-- teardown -->
      </class> <!-- com.learnautomation.tesecases.Testcase1 -->
    </test> <!-- Test -->
  </suite> <!-- Suite -->
</testng-results>
